<?xml version="1.0" encoding="UTF-8"?>
<testng-results skipped="0" failed="0" total="1" passed="1">
  <reporter-output>
  </reporter-output>
  <suite name="Default suite" duration-ms="126989" started-at="2020-04-10T05:01:06Z" finished-at="2020-04-10T05:03:13Z">
    <groups>
    </groups>
    <test name="Default test" duration-ms="126989" started-at="2020-04-10T05:01:06Z" finished-at="2020-04-10T05:03:13Z">
      <class name="Scripts.EndToEndProccess">
        <test-method status="PASS" signature="openBrowser()[pri:0, instance:Scripts.EndToEndProccess@15e586c]" name="openBrowser" is-config="true" duration-ms="15647" started-at="2020-04-10T10:31:06Z" finished-at="2020-04-10T10:31:22Z">
          <reporter-output>
          </reporter-output>
        </test-method> <!-- openBrowser -->
        <test-method status="PASS" signature="endToEndProccess()[pri:0, instance:Scripts.EndToEndProccess@15e586c]" name="endToEndProccess" duration-ms="106311" started-at="2020-04-10T10:31:22Z" finished-at="2020-04-10T10:33:08Z">
          <reporter-output>
          </reporter-output>
        </test-method> <!-- endToEndProccess -->
        <test-method status="PASS" signature="closeBrowser()[pri:0, instance:Scripts.EndToEndProccess@15e586c]" name="closeBrowser" is-config="true" duration-ms="5002" started-at="2020-04-10T10:33:08Z" finished-at="2020-04-10T10:33:13Z">
          <reporter-output>
          </reporter-output>
        </test-method> <!-- closeBrowser -->
      </class> <!-- Scripts.EndToEndProccess -->
    </test> <!-- Default test -->
  </suite> <!-- Default suite -->
</testng-results>
